2019-03-11 20:13:40.997  INFO 17644 --- [restartedMain] com.csu.lab.LabApplication               : Starting LabApplication on AFOHQ-703111641 with PID 17644 (F:\xuxin_Project\Lab\lab\target\classes started by Administrator in F:\xuxin_Project\Lab\lab)
2019-03-11 20:13:41.016  INFO 17644 --- [restartedMain] com.csu.lab.LabApplication               : No active profile set, falling back to default profiles: default
2019-03-11 20:13:41.175  INFO 17644 --- [restartedMain] .e.DevToolsPropertyDefaultsPostProcessor : Devtools property defaults active! Set 'spring.devtools.add-properties' to 'false' to disable
2019-03-11 20:13:41.176  INFO 17644 --- [restartedMain] .e.DevToolsPropertyDefaultsPostProcessor : For additional web related logging consider setting the 'logging.level.web' property to 'DEBUG'
2019-03-11 20:13:42.480  INFO 17644 --- [restartedMain] .s.d.r.c.RepositoryConfigurationDelegate : Bootstrapping Spring Data repositories in DEFAULT mode.
2019-03-11 20:13:42.522  INFO 17644 --- [restartedMain] .s.d.r.c.RepositoryConfigurationDelegate : Finished Spring Data repository scanning in 32ms. Found 0 repository interfaces.
2019-03-11 20:13:43.035  INFO 17644 --- [restartedMain] trationDelegate$BeanPostProcessorChecker : Bean 'org.springframework.transaction.annotation.ProxyTransactionManagementConfiguration' of type [org.springframework.transaction.annotation.ProxyTransactionManagementConfiguration$$EnhancerBySpringCGLIB$$2c9f457a] is not eligible for getting processed by all BeanPostProcessors (for example: not eligible for auto-proxying)
2019-03-11 20:13:43.811  INFO 17644 --- [restartedMain] o.s.b.w.embedded.tomcat.TomcatWebServer  : Tomcat initialized with port(s): 8080 (http)
2019-03-11 20:13:43.848  INFO 17644 --- [restartedMain] o.apache.catalina.core.StandardService   : Starting service [Tomcat]
2019-03-11 20:13:43.849  INFO 17644 --- [restartedMain] org.apache.catalina.core.StandardEngine  : Starting Servlet engine: [Apache Tomcat/9.0.16]
2019-03-11 20:13:43.862  INFO 17644 --- [restartedMain] o.a.catalina.core.AprLifecycleListener   : The APR based Apache Tomcat Native library which allows optimal performance in production environments was not found on the java.library.path: [E:\JAVA\JDK\bin;C:\WINDOWS\Sun\Java\bin;C:\WINDOWS\system32;C:\WINDOWS;E:\CTEX\UserData\miktex\bin;E:\CTEX\MiKTeX\miktex\bin;E:\CTEX\CTeX\ctex\bin;E:\CTEX\CTeX\cct\bin;E:\CTEX\CTeX\ty\bin;E:\CTEX\Ghostscript\gs9.05\bin;E:\CTEX\GSview\gsview;E:\CTEX\WinEdt;E:\JAVA\JDK\bin;E:\JAVA\JDK\jre\bin;E:\JAVA\JDK\lib\tools.jar;E:\JAVA\JDK\lib\dt.jar;E:\Anaconda3;E:\Anaconda3\Scripts;E:\Anaconda3\Library;C:\WINDOWS\system32;C:\WINDOWS;C:\WINDOWS\System32\Wbem;C:\WINDOWS\System32\WindowsPowerShell\v1.0\;C:\WINDOWS\System32\OpenSSH\;E:\Maven\apache-maven-3.5.4-bin\apache-maven-3.5.4\bin;C:\Program Files\Git;C:\Program Files\VisualSVN Server\bin;E:\TortoiseSVN\bin;E:\SPSS24\JRE\bin;C:\Program Files\Microsoft VS Code\bin;E:\gradle-4.3.1\bin;F:\Hadoop\hadoop-2.9.2\bin;E:\nodejs\;C:\Users\Administrator\AppData\Local\Programs\Python\Python37\Scripts\;C:\Users\Administrator\AppData\Local\Programs\Python\Python37\;C:\Users\Administrator\AppData\Local\Microsoft\WindowsApps;C:\Users\Administrator\AppData\Local\GitHubDesktop\bin;C:\Program Files\Microsoft VS Code\bin;C:\Users\Administrator\AppData\Local\Microsoft\WindowsApps;C:\Users\Administrator\AppData\Roaming\npm;.]
2019-03-11 20:13:44.128  INFO 17644 --- [restartedMain] o.a.c.c.C.[Tomcat].[localhost].[/]       : Initializing Spring embedded WebApplicationContext
2019-03-11 20:13:44.128  INFO 17644 --- [restartedMain] o.s.web.context.ContextLoader            : Root WebApplicationContext: initialization completed in 2951 ms
2019-03-11 20:13:44.385  INFO 17644 --- [restartedMain] com.zaxxer.hikari.HikariDataSource       : HikariPool-1 - Starting...
2019-03-11 20:13:44.387  WARN 17644 --- [restartedMain] com.zaxxer.hikari.util.DriverDataSource  : Registered driver with driverClassName=com.mysql.jdbc.Driver was not found, trying direct instantiation.
2019-03-11 20:13:44.692  INFO 17644 --- [restartedMain] com.zaxxer.hikari.HikariDataSource       : HikariPool-1 - Start completed.
2019-03-11 20:13:44.777  INFO 17644 --- [restartedMain] o.hibernate.jpa.internal.util.LogHelper  : HHH000204: Processing PersistenceUnitInfo [
	name: default
	...]
2019-03-11 20:13:44.880  INFO 17644 --- [restartedMain] org.hibernate.Version                    : HHH000412: Hibernate Core {5.3.7.Final}
2019-03-11 20:13:44.882  INFO 17644 --- [restartedMain] org.hibernate.cfg.Environment            : HHH000206: hibernate.properties not found
2019-03-11 20:13:45.089  INFO 17644 --- [restartedMain] o.hibernate.annotations.common.Version   : HCANN000001: Hibernate Commons Annotations {5.0.4.Final}
2019-03-11 20:13:45.313  INFO 17644 --- [restartedMain] org.hibernate.dialect.Dialect            : HHH000400: Using dialect: org.hibernate.dialect.MySQL5Dialect
2019-03-11 20:13:45.597  INFO 17644 --- [restartedMain] j.LocalContainerEntityManagerFactoryBean : Initialized JPA EntityManagerFactory for persistence unit 'default'
2019-03-11 20:13:46.343  INFO 17644 --- [restartedMain] o.s.s.concurrent.ThreadPoolTaskExecutor  : Initializing ExecutorService 'applicationTaskExecutor'
2019-03-11 20:13:46.411  WARN 17644 --- [restartedMain] aWebConfiguration$JpaWebMvcConfiguration : spring.jpa.open-in-view is enabled by default. Therefore, database queries may be performed during view rendering. Explicitly configure spring.jpa.open-in-view to disable this warning
2019-03-11 20:13:46.549  WARN 17644 --- [restartedMain] org.thymeleaf.templatemode.TemplateMode  : [THYMELEAF][restartedMain] Template Mode 'HTML5' is deprecated. Using Template Mode 'HTML' instead.
2019-03-11 20:13:46.872  INFO 17644 --- [restartedMain] o.s.b.d.a.OptionalLiveReloadServer       : LiveReload server is running on port 35729
2019-03-11 20:13:46.999  INFO 17644 --- [restartedMain] o.s.b.w.embedded.tomcat.TomcatWebServer  : Tomcat started on port(s): 8080 (http) with context path ''
2019-03-11 20:13:47.005  INFO 17644 --- [restartedMain] com.csu.lab.LabApplication               : Started LabApplication in 6.777 seconds (JVM running for 9.681)
